timestamp,event,message
2023-08-27 10:00:00,INFO,Rocket initialization process started.
2023-08-27 10:02:00,INFO,Power systems online. Batteries at optimal charge.
2023-08-27 10:05:00,INFO,Communication established with mission control.
2023-08-27 10:08:00,INFO,Pre-launch checklist initiated.
2023-08-27 10:10:00,INFO,Avionics check: All systems functional.
2023-08-27 10:12:00,INFO,Propulsion check: Thrusters responding as expected.
2023-08-27 10:15:00,INFO,Life support systems nominal.
2023-08-27 10:18:00,INFO,Cargo bay secured and sealed properly.
2023-08-27 10:20:00,INFO,Final system checks complete. Rocket is ready for launch.
2023-08-27 10:23:00,INFO,Countdown sequence initiated.
2023-08-27 10:25:00,INFO,Engine ignition sequence started.
2023-08-27 10:27:00,INFO,Engines at maximum thrust. Liftoff imminent.
2023-08-27 10:30:00,INFO,Liftoff! Rocket has left the launchpad.
2023-08-27 10:35:00,INFO,Altitude 10km reached. All systems nominal.
2023-08-27 10:40:00,INFO,Altitude 50km reached. Entering upper atmosphere.
2023-08-27 10:45:00,INFO,Stage 1 separation complete.
2023-08-27 10:50:00,INFO,Stage 2 ignition successful.
2023-08-27 11:00:00,INFO,Earth orbit insertion complete.
2023-08-27 11:10:00,INFO,Trans-Mars injection burn initiated.
2023-08-27 11:30:00,INFO,Trans-Mars injection complete. Mars trajectory confirmed.
2023-08-28 08:00:00,INFO,Day 2 system check: All systems operational.
2023-08-28 08:05:00,INFO,Life support: O2 levels normal. CO2 scrubbers functioning.
2023-08-28 08:10:00,INFO,Navigation: On course for Mars. ETA 6 months.
2023-09-10 09:00:00,INFO,Day 14 check: Systems nominal.
2023-09-10 09:15:00,WARNING,Slight temperature fluctuation detected in coolant system. Monitoring.
2023-09-10 09:30:00,INFO,Temperature fluctuation resolved. Coolant system stable.
2023-10-15 07:00:00,INFO,Day 49 check: Mid-journey status nominal.
2023-10-15 07:10:00,INFO,Solar panel output optimal.
2023-10-15 07:20:00,WARNING,Micrometeorite impact detected on hull sector 3. Damage assessment: Minor.
2023-10-15 07:35:00,INFO,Hull integrity check complete. No breach detected. Sector 3 sealed.
2023-11-20 06:00:00,INFO,Day 85 check: Approaching Mars.
2023-11-20 06:30:00,INFO,Mars orbit insertion burn complete. In Mars orbit.
2023-11-20 06:45:00,INFO,Mars surface landing site confirmed: Olympus Base Alpha.
2023-11-20 07:00:00,INFO,Descent sequence initiated.
2023-11-20 07:10:00,INFO,Parachute deployment successful.
2023-11-20 07:20:00,INFO,Retro-rockets fired. Descent velocity nominal.
2023-11-20 07:30:00,INFO,Landing confirmed at Olympus Base Alpha.
2023-11-20 07:45:00,INFO,Mission computer online. Mars base operations commenced.
2023-11-21 06:00:00,INFO,Mars Base Day 1: System initialization complete.
2023-11-21 06:10:00,INFO,Life support systems activated. Atmospheric processor online.
2023-11-21 06:20:00,INFO,Oxygen generation system: nominal output 98%.
2023-11-21 06:30:00,INFO,Water reclamation unit operational.
2023-11-21 06:40:00,INFO,Base internal temperature maintained at 21C.
2023-11-22 06:00:00,INFO,Mars Base Day 2: All systems nominal.
2023-11-23 06:00:00,INFO,Mars Base Day 3: All systems nominal.
2023-11-24 06:00:00,INFO,Mars Base Day 4: All systems nominal.
2023-11-25 06:00:00,INFO,Mars Base Day 5: All systems nominal.
2023-11-25 14:00:00,WARNING,Oxygen generator output dropped to 87%. Running diagnostics.
2023-11-25 14:15:00,INFO,Diagnostics complete. O2 output fluctuation due to filter clog. Filter replaced.
2023-11-25 14:30:00,INFO,Oxygen generator output restored to 97%.
2023-11-29 08:00:00,INFO,Mars Base Day 9: Scheduled maintenance complete. All systems checked.
2023-12-04 06:00:00,INFO,Mars Base Day 14: Two-week operation milestone reached.
2023-12-10 06:00:00,INFO,Mars Base Day 20: All systems nominal.
2023-12-15 09:00:00,WARNING,Dust storm detected approaching base. Intensity: Level 2.
2023-12-15 10:00:00,WARNING,Dust storm intensity increased to Level 3. External operations suspended.
2023-12-15 14:00:00,WARNING,Battery reserves at 65%. Initiating power conservation mode.
2023-12-15 16:00:00,WARNING,Battery reserves at 52%. Non-essential systems powered down.
2023-12-16 07:00:00,INFO,Dust storm passed. All systems restored to normal operation.
2023-12-20 06:00:00,INFO,Mars Base Day 30: One-month milestone. All systems nominal.
2024-01-10 10:30:00,WARNING,Coolant pump pressure reading irregular. Variance: +12%.
2024-01-10 11:00:00,WARNING,Coolant pump pressure variance increased to +18%. Recommend inspection.
2024-01-11 08:00:00,INFO,Coolant pump manual inspection complete. Seal wear detected. Temporary fix applied.
2024-01-11 08:30:00,INFO,Coolant pump pressure normalized. Monitoring closely.
2024-01-20 14:00:00,WARNING,CO2 scrubber efficiency dropping. Current: 91%. Threshold: 85%.
2024-01-20 15:00:00,INFO,CO2 scrubber maintenance complete. Efficiency restored to 99%.
2024-02-10 06:00:00,INFO,Mars Base Day 82: All systems nominal.
2024-02-14 09:00:00,WARNING,Seismic sensor detected minor tremor. Magnitude: 2.1. No damage detected.
2024-02-15 06:00:00,INFO,Mars Base Day 87: All systems nominal.
2024-02-18 11:00:00,WARNING,Hydrogen fuel cell storage unit B: pressure sensor reading unstable.
2024-02-18 11:20:00,INFO,Pressure sensor recalibrated. Reading returned to nominal range.
2024-02-18 11:35:00,WARNING,Hydrogen fuel cell storage unit B: minor leak suspected. Ventilation increased.
2024-02-18 12:00:00,INFO,Ventilation check complete. No confirmed leak detected. Monitoring continued.
2024-02-19 09:00:00,INFO,Mars Base Day 91: Routine systems check. All nominal.
2024-02-19 14:00:00,WARNING,Hydrogen storage unit B pressure dropped 3%. Cause under investigation.
2024-02-19 14:30:00,INFO,Inspection of hydrogen storage unit B inconclusive. No visible damage found.
2024-02-19 15:00:00,WARNING,Hydrogen concentration in corridor C-3 elevated: 1.2%. Threshold: 1.0%.
2024-02-19 15:10:00,ERROR,Hydrogen leak confirmed in corridor C-3. Source: storage unit B micro-fracture.
2024-02-19 15:15:00,INFO,Emergency ventilation activated in corridor C-3. Crew evacuation of sector C initiated.
2024-02-19 15:30:00,INFO,Hydrogen concentration in corridor C-3 dropping. Ventilation effective.
2024-02-19 16:00:00,INFO,Hydrogen concentration normalized. Crew returned to sector C. Repair scheduled.
2024-02-20 06:00:00,INFO,Mars Base Day 92: Storage unit B repair in progress.
2024-02-20 10:00:00,INFO,Storage unit B micro-fracture repair complete. Pressure holding nominal.
2024-02-20 10:30:00,WARNING,Coolant system pressure anomaly detected. Pressure: 142 PSI (nominal: 120 PSI).
2024-02-20 10:45:00,INFO,Coolant system diagnostic initiated.
2024-02-20 11:00:00,WARNING,Coolant system pressure rising. Pressure: 156 PSI. Alert threshold exceeded.
2024-02-20 11:15:00,ERROR,Coolant pump seal failure confirmed. Coolant leaking in sector 7.
2024-02-20 11:20:00,ERROR,Reactor core temperature rising. Current: 380C. Nominal: 280C.
2024-02-20 11:25:00,ERROR,Reactor core temperature: 422C. Approaching critical threshold of 450C.
2024-02-20 11:28:00,WARNING,Power output fluctuating. Base systems experiencing instability.
2024-02-20 11:30:00,CRITICAL,Reactor core temperature: 451C. CRITICAL THRESHOLD EXCEEDED.
2024-02-20 11:30:30,CRITICAL,Automatic reactor SCRAM initiated. Emergency shutdown in progress.
2024-02-20 11:31:00,CRITICAL,Primary power systems offline. Emergency backup power active.
2024-02-20 11:31:30,ERROR,Life support systems on emergency power. O2 generation at 40%.
2024-02-20 11:32:00,ERROR,Heating systems offline. Base temperature dropping rapidly.
2024-02-20 11:33:00,CRITICAL,Mission computer switching to emergency mode. Non-critical systems terminated.
2024-02-20 11:35:00,WARNING,Hydrogen sensor in sector 7 activated. Residual hydrogen detected near reactor coolant leak area.
2024-02-20 11:36:00,ERROR,Hydrogen concentration in sector 7 rising rapidly: 3.8%. Lower explosive limit: 4.0%.
2024-02-20 11:36:30,ERROR,Hydrogen concentration in sector 7: 4.1%. LOWER EXPLOSIVE LIMIT EXCEEDED.
2024-02-20 11:36:45,CRITICAL,Ignition event detected in sector 7. Explosion imminent.
2024-02-20 11:36:50,CRITICAL,EXPLOSION in sector 7. Structural breach detected. Pressure loss in habitat module.
2024-02-20 11:37:00,CRITICAL,Multiple system failures. Emergency beacon activated. Crew emergency evacuation initiated.
2024-02-20 11:37:10,ERROR,Communication with mission control lost.
2024-02-20 11:37:15,ERROR,Sensor array 70% offline. Data logging degraded.
2024-02-20 11:37:20,CRITICAL,Habitat module pressure critical. Seal integrity compromised.
2024-02-20 11:37:30,ERROR,Life support backup power failing. Estimated remaining power: 4 hours.
2024-02-20 11:38:00,INFO,Emergency bulkhead doors engaged. Isolating breach in sector 7.
2024-02-20 11:39:00,INFO,Breach partially contained. Pressure loss slowing.
2024-02-20 11:45:00,WARNING,Base internal temperature: 4C and falling.
2024-02-20 12:00:00,INFO,Emergency solar array auto-deployed. Minimal power restored.
2024-02-20 12:30:00,INFO,Mission computer emergency mode active. Logging continued on backup power.
2024-02-20 13:00:00,WARNING,No crew response detected. Crew status unknown.
2024-02-20 14:00:00,WARNING,Base systems at minimal operation. Awaiting crew response or rescue signal.
2024-02-20 18:00:00,INFO,Mission computer operating on solar emergency power only. All non-essential systems offline.
